frontJava/app/build/intermediates/manifest_merge_blame_file/debug/manifest-merger-blame-debug-report.txt
1<?xml version="1.0" encoding="utf-8"?>
2<manifest xmlns:android="http://schemas.android.com/apk/res/android"
3    package="com.projet.hungrybirds"
4    android:versionCode="1"
5    android:versionName="1.0" >
6
7    <uses-sdk
8        android:minSdkVersion="21"
8-->src\main\AndroidManifest.xml
9        android:targetSdkVersion="31" />
9-->src\main\AndroidManifest.xml
10
11    <uses-permission android:name="android.permission.INTERNET" />
11-->src\main\AndroidManifest.xml:7:5-67
11-->src\main\AndroidManifest.xml:7:22-64
12
13    <application
13-->src\main\AndroidManifest.xml:9:5-33:19
14        android:allowBackup="true"
14-->src\main\AndroidManifest.xml:10:9-35
15        android:appComponentFactory="androidx.core.app.CoreComponentFactory"
15-->[androidx.core:core:1.5.0] AndroidManifest.xml:24:18-86
16        android:debuggable="true"
17        android:icon="@mipmap/ic_launcher"
17-->src\main\AndroidManifest.xml:11:9-43
18        android:label="@string/app_name"
18-->src\main\AndroidManifest.xml:12:9-41
19        android:roundIcon="@mipmap/ic_launcher_round"
19-->src\main\AndroidManifest.xml:13:9-54
20        android:supportsRtl="true"
20-->src\main\AndroidManifest.xml:14:9-35
21        android:testOnly="true"
22        android:theme="@style/Theme.HungryBirds"
22-->src\main\AndroidManifest.xml:15:9-49
23        android:usesCleartextTraffic="true" >
23-->src\main\AndroidManifest.xml:16:9-44
24        <activity
24-->src\main\AndroidManifest.xml:18:9-20:39
25            android:name="com.projet.hungrybirds.RegisterActivity"
25-->src\main\AndroidManifest.xml:19:13-45
26            android:exported="true" />
26-->src\main\AndroidManifest.xml:20:13-36
27        <activity
27-->src\main\AndroidManifest.xml:21:9-23:39
28            android:name="com.projet.hungrybirds.GestionUserActivity"
28-->src\main\AndroidManifest.xml:22:13-48
29            android:exported="true" />
29-->src\main\AndroidManifest.xml:23:13-36
30        <activity
30-->src\main\AndroidManifest.xml:24:9-32:20
31            android:name="com.projet.hungrybirds.MainActivity"
31-->src\main\AndroidManifest.xml:25:13-41
32            android:exported="true" >
32-->src\main\AndroidManifest.xml:26:13-36
33            <intent-filter>
33-->src\main\AndroidManifest.xml:27:13-31:29
34                <action android:name="android.intent.action.MAIN" />
34-->src\main\AndroidManifest.xml:28:17-69
34-->src\main\AndroidManifest.xml:28:25-66
35
36                <category android:name="android.intent.category.LAUNCHER" />
36-->src\main\AndroidManifest.xml:30:17-77
36-->src\main\AndroidManifest.xml:30:27-74
37            </intent-filter>
38        </activity>
39    </application>
40
41</manifest>